{"/Users/Tray-PC/Documents/instructor/patra@hacktiv8/phase-2/lecture_2024/rest_api/app.js": {"path":"/Users/Tray-PC/Documents/instructor/patra@hacktiv8/phase-2/lecture_2024/rest_api/app.js","statementMap":{"0":{"start":{"line":1,"column":0},"end":{"line":1,"column":27}},"1":{"start":{"line":3,"column":16},"end":{"line":3,"column":34}},"2":{"start":{"line":4,"column":12},"end":{"line":4,"column":21}},"3":{"start":{"line":6,"column":15},"end":{"line":6,"column":34}},"4":{"start":{"line":7,"column":21},"end":{"line":7,"column":58}},"5":{"start":{"line":9,"column":0},"end":{"line":9,"column":48}},"6":{"start":{"line":10,"column":0},"end":{"line":10,"column":24}},"7":{"start":{"line":12,"column":0},"end":{"line":14,"column":3}},"8":{"start":{"line":13,"column":2},"end":{"line":13,"column":49}},"9":{"start":{"line":16,"column":0},"end":{"line":16,"column":15}},"10":{"start":{"line":17,"column":0},"end":{"line":17,"column":21}},"11":{"start":{"line":19,"column":0},"end":{"line":19,"column":20}}},"fnMap":{"0":{"name":"(anonymous_0)","decl":{"start":{"line":12,"column":13},"end":{"line":12,"column":14}},"loc":{"start":{"line":12,"column":27},"end":{"line":14,"column":1}},"line":12}},"branchMap":{},"s":{"0":3,"1":3,"2":3,"3":3,"4":3,"5":3,"6":3,"7":3,"8":1,"9":3,"10":3,"11":3},"f":{"0":1},"b":{},"_coverageSchema":"1a1c01bbd47fc00a2c39e90264f33305004495a9","hash":"a3420bc9f8c2f36f9ccb2e6a935830582763799a"}
,"/Users/Tray-PC/Documents/instructor/patra@hacktiv8/phase-2/lecture_2024/rest_api/controllers/movie.js": {"path":"/Users/Tray-PC/Documents/instructor/patra@hacktiv8/phase-2/lecture_2024/rest_api/controllers/movie.js","statementMap":{"0":{"start":{"line":1,"column":18},"end":{"line":1,"column":38}},"1":{"start":{"line":2,"column":14},"end":{"line":2,"column":30}},"2":{"start":{"line":3,"column":19},"end":{"line":3,"column":43}},"3":{"start":{"line":5,"column":0},"end":{"line":10,"column":3}},"4":{"start":{"line":12,"column":0},"end":{"line":131,"column":2}},"5":{"start":{"line":14,"column":4},"end":{"line":19,"column":5}},"6":{"start":{"line":15,"column":21},"end":{"line":15,"column":42}},"7":{"start":{"line":16,"column":6},"end":{"line":16,"column":35}},"8":{"start":{"line":18,"column":6},"end":{"line":18,"column":18}},"9":{"start":{"line":23,"column":4},"end":{"line":43,"column":5}},"10":{"start":{"line":24,"column":21},"end":{"line":31,"column":8}},"11":{"start":{"line":32,"column":19},"end":{"line":39,"column":8}},"12":{"start":{"line":33,"column":8},"end":{"line":38,"column":10}},"13":{"start":{"line":40,"column":6},"end":{"line":40,"column":35}},"14":{"start":{"line":42,"column":6},"end":{"line":42,"column":18}},"15":{"start":{"line":47,"column":4},"end":{"line":53,"column":5}},"16":{"start":{"line":48,"column":20},"end":{"line":48,"column":73}},"17":{"start":{"line":49,"column":6},"end":{"line":49,"column":45}},"18":{"start":{"line":49,"column":18},"end":{"line":49,"column":45}},"19":{"start":{"line":50,"column":6},"end":{"line":50,"column":34}},"20":{"start":{"line":52,"column":6},"end":{"line":52,"column":18}},"21":{"start":{"line":57,"column":4},"end":{"line":64,"column":5}},"22":{"start":{"line":58,"column":6},"end":{"line":58,"column":66}},"23":{"start":{"line":60,"column":18},"end":{"line":60,"column":74}},"24":{"start":{"line":61,"column":6},"end":{"line":61,"column":34}},"25":{"start":{"line":63,"column":6},"end":{"line":63,"column":18}},"26":{"start":{"line":68,"column":4},"end":{"line":80,"column":5}},"27":{"start":{"line":69,"column":18},"end":{"line":69,"column":53}},"28":{"start":{"line":70,"column":6},"end":{"line":70,"column":25}},"29":{"start":{"line":71,"column":6},"end":{"line":71,"column":45}},"30":{"start":{"line":71,"column":18},"end":{"line":71,"column":45}},"31":{"start":{"line":73,"column":6},"end":{"line":73,"column":35}},"32":{"start":{"line":75,"column":6},"end":{"line":77,"column":9}},"33":{"start":{"line":79,"column":6},"end":{"line":79,"column":18}},"34":{"start":{"line":84,"column":4},"end":{"line":99,"column":5}},"35":{"start":{"line":85,"column":18},"end":{"line":85,"column":53}},"36":{"start":{"line":87,"column":22},"end":{"line":87,"column":69}},"37":{"start":{"line":88,"column":22},"end":{"line":88,"column":67}},"38":{"start":{"line":89,"column":19},"end":{"line":89,"column":60}},"39":{"start":{"line":91,"column":6},"end":{"line":91,"column":49}},"40":{"start":{"line":92,"column":6},"end":{"line":92,"column":25}},"41":{"start":{"line":94,"column":6},"end":{"line":96,"column":9}},"42":{"start":{"line":98,"column":6},"end":{"line":98,"column":18}},"43":{"start":{"line":103,"column":4},"end":{"line":114,"column":5}},"44":{"start":{"line":104,"column":18},"end":{"line":104,"column":53}},"45":{"start":{"line":105,"column":6},"end":{"line":105,"column":45}},"46":{"start":{"line":105,"column":18},"end":{"line":105,"column":45}},"47":{"start":{"line":107,"column":6},"end":{"line":107,"column":66}},"48":{"start":{"line":109,"column":6},"end":{"line":111,"column":9}},"49":{"start":{"line":113,"column":6},"end":{"line":113,"column":18}},"50":{"start":{"line":118,"column":4},"end":{"line":129,"column":5}},"51":{"start":{"line":119,"column":18},"end":{"line":119,"column":53}},"52":{"start":{"line":120,"column":6},"end":{"line":120,"column":45}},"53":{"start":{"line":120,"column":18},"end":{"line":120,"column":45}},"54":{"start":{"line":124,"column":6},"end":{"line":126,"column":9}},"55":{"start":{"line":128,"column":6},"end":{"line":128,"column":18}}},"fnMap":{"0":{"name":"(anonymous_0)","decl":{"start":{"line":13,"column":2},"end":{"line":13,"column":3}},"loc":{"start":{"line":13,"column":41},"end":{"line":20,"column":3}},"line":13},"1":{"name":"(anonymous_1)","decl":{"start":{"line":22,"column":2},"end":{"line":22,"column":3}},"loc":{"start":{"line":22,"column":48},"end":{"line":44,"column":3}},"line":22},"2":{"name":"(anonymous_2)","decl":{"start":{"line":32,"column":36},"end":{"line":32,"column":37}},"loc":{"start":{"line":32,"column":44},"end":{"line":39,"column":7}},"line":32},"3":{"name":"(anonymous_3)","decl":{"start":{"line":46,"column":2},"end":{"line":46,"column":3}},"loc":{"start":{"line":46,"column":40},"end":{"line":54,"column":3}},"line":46},"4":{"name":"(anonymous_4)","decl":{"start":{"line":56,"column":2},"end":{"line":56,"column":3}},"loc":{"start":{"line":56,"column":43},"end":{"line":65,"column":3}},"line":56},"5":{"name":"(anonymous_5)","decl":{"start":{"line":67,"column":2},"end":{"line":67,"column":3}},"loc":{"start":{"line":67,"column":41},"end":{"line":81,"column":3}},"line":67},"6":{"name":"(anonymous_6)","decl":{"start":{"line":83,"column":2},"end":{"line":83,"column":3}},"loc":{"start":{"line":83,"column":44},"end":{"line":100,"column":3}},"line":83},"7":{"name":"(anonymous_7)","decl":{"start":{"line":102,"column":2},"end":{"line":102,"column":3}},"loc":{"start":{"line":102,"column":42},"end":{"line":115,"column":3}},"line":102},"8":{"name":"(anonymous_8)","decl":{"start":{"line":117,"column":2},"end":{"line":117,"column":3}},"loc":{"start":{"line":117,"column":43},"end":{"line":130,"column":3}},"line":117}},"branchMap":{"0":{"loc":{"start":{"line":49,"column":6},"end":{"line":49,"column":45}},"type":"if","locations":[{"start":{"line":49,"column":6},"end":{"line":49,"column":45}},{"start":{},"end":{}}],"line":49},"1":{"loc":{"start":{"line":71,"column":6},"end":{"line":71,"column":45}},"type":"if","locations":[{"start":{"line":71,"column":6},"end":{"line":71,"column":45}},{"start":{},"end":{}}],"line":71},"2":{"loc":{"start":{"line":105,"column":6},"end":{"line":105,"column":45}},"type":"if","locations":[{"start":{"line":105,"column":6},"end":{"line":105,"column":45}},{"start":{},"end":{}}],"line":105},"3":{"loc":{"start":{"line":120,"column":6},"end":{"line":120,"column":45}},"type":"if","locations":[{"start":{"line":120,"column":6},"end":{"line":120,"column":45}},{"start":{},"end":{}}],"line":120}},"s":{"0":3,"1":3,"2":3,"3":3,"4":3,"5":1,"6":1,"7":1,"8":0,"9":0,"10":0,"11":0,"12":0,"13":0,"14":0,"15":0,"16":0,"17":0,"18":0,"19":0,"20":0,"21":0,"22":0,"23":0,"24":0,"25":0,"26":0,"27":0,"28":0,"29":0,"30":0,"31":0,"32":0,"33":0,"34":0,"35":0,"36":0,"37":0,"38":0,"39":0,"40":0,"41":0,"42":0,"43":0,"44":0,"45":0,"46":0,"47":0,"48":0,"49":0,"50":0,"51":0,"52":0,"53":0,"54":0,"55":0},"f":{"0":1,"1":0,"2":0,"3":0,"4":0,"5":0,"6":0,"7":0,"8":0},"b":{"0":[0,0],"1":[0,0],"2":[0,0],"3":[0,0]},"_coverageSchema":"1a1c01bbd47fc00a2c39e90264f33305004495a9","hash":"b494797a45f2ef30c84e7a3ddc8fc385e2c31b83"}
,"/Users/Tray-PC/Documents/instructor/patra@hacktiv8/phase-2/lecture_2024/rest_api/controllers/user.js": {"path":"/Users/Tray-PC/Documents/instructor/patra@hacktiv8/phase-2/lecture_2024/rest_api/controllers/user.js","statementMap":{"0":{"start":{"line":1,"column":17},"end":{"line":1,"column":37}},"1":{"start":{"line":2,"column":28},"end":{"line":2,"column":56}},"2":{"start":{"line":3,"column":22},"end":{"line":3,"column":47}},"3":{"start":{"line":5,"column":0},"end":{"line":63,"column":2}},"4":{"start":{"line":12,"column":4},"end":{"line":24,"column":5}},"5":{"start":{"line":13,"column":32},"end":{"line":13,"column":40}},"6":{"start":{"line":14,"column":17},"end":{"line":17,"column":8}},"7":{"start":{"line":18,"column":6},"end":{"line":21,"column":9}},"8":{"start":{"line":23,"column":6},"end":{"line":23,"column":18}},"9":{"start":{"line":37,"column":30},"end":{"line":37,"column":38}},"10":{"start":{"line":38,"column":4},"end":{"line":61,"column":5}},"11":{"start":{"line":40,"column":6},"end":{"line":42,"column":7}},"12":{"start":{"line":41,"column":8},"end":{"line":41,"column":39}},"13":{"start":{"line":45,"column":19},"end":{"line":47,"column":8}},"14":{"start":{"line":49,"column":6},"end":{"line":52,"column":7}},"15":{"start":{"line":50,"column":8},"end":{"line":50,"column":26}},"16":{"start":{"line":51,"column":8},"end":{"line":51,"column":38}},"17":{"start":{"line":55,"column":20},"end":{"line":57,"column":8}},"18":{"start":{"line":58,"column":6},"end":{"line":58,"column":52}},"19":{"start":{"line":60,"column":6},"end":{"line":60,"column":17}}},"fnMap":{"0":{"name":"(anonymous_0)","decl":{"start":{"line":6,"column":2},"end":{"line":6,"column":3}},"loc":{"start":{"line":6,"column":40},"end":{"line":25,"column":3}},"line":6},"1":{"name":"(anonymous_1)","decl":{"start":{"line":27,"column":2},"end":{"line":27,"column":3}},"loc":{"start":{"line":27,"column":37},"end":{"line":62,"column":3}},"line":27}},"branchMap":{"0":{"loc":{"start":{"line":40,"column":6},"end":{"line":42,"column":7}},"type":"if","locations":[{"start":{"line":40,"column":6},"end":{"line":42,"column":7}},{"start":{},"end":{}}],"line":40},"1":{"loc":{"start":{"line":40,"column":10},"end":{"line":40,"column":29}},"type":"binary-expr","locations":[{"start":{"line":40,"column":10},"end":{"line":40,"column":16}},{"start":{"line":40,"column":20},"end":{"line":40,"column":29}}],"line":40},"2":{"loc":{"start":{"line":49,"column":6},"end":{"line":52,"column":7}},"type":"if","locations":[{"start":{"line":49,"column":6},"end":{"line":52,"column":7}},{"start":{},"end":{}}],"line":49},"3":{"loc":{"start":{"line":49,"column":10},"end":{"line":49,"column":60}},"type":"binary-expr","locations":[{"start":{"line":49,"column":10},"end":{"line":49,"column":15}},{"start":{"line":49,"column":19},"end":{"line":49,"column":60}}],"line":49}},"s":{"0":3,"1":3,"2":3,"3":3,"4":2,"5":2,"6":2,"7":1,"8":1,"9":0,"10":0,"11":0,"12":0,"13":0,"14":0,"15":0,"16":0,"17":0,"18":0,"19":0},"f":{"0":2,"1":0},"b":{"0":[0,0],"1":[0,0],"2":[0,0],"3":[0,0]},"_coverageSchema":"1a1c01bbd47fc00a2c39e90264f33305004495a9","hash":"cecd9ba73040997b4275ee0f49105934fe755776"}
,"/Users/Tray-PC/Documents/instructor/patra@hacktiv8/phase-2/lecture_2024/rest_api/helpers/bcrypt.js": {"path":"/Users/Tray-PC/Documents/instructor/patra@hacktiv8/phase-2/lecture_2024/rest_api/helpers/bcrypt.js","statementMap":{"0":{"start":{"line":1,"column":32},"end":{"line":1,"column":51}},"1":{"start":{"line":3,"column":0},"end":{"line":6,"column":1}},"2":{"start":{"line":4,"column":24},"end":{"line":4,"column":36}},"3":{"start":{"line":5,"column":34},"end":{"line":5,"column":56}}},"fnMap":{"0":{"name":"(anonymous_0)","decl":{"start":{"line":4,"column":16},"end":{"line":4,"column":17}},"loc":{"start":{"line":4,"column":24},"end":{"line":4,"column":36}},"line":4},"1":{"name":"(anonymous_1)","decl":{"start":{"line":5,"column":19},"end":{"line":5,"column":20}},"loc":{"start":{"line":5,"column":34},"end":{"line":5,"column":56}},"line":5}},"branchMap":{},"s":{"0":3,"1":3,"2":4,"3":0},"f":{"0":4,"1":0},"b":{},"_coverageSchema":"1a1c01bbd47fc00a2c39e90264f33305004495a9","hash":"fd53dfa84bbc8b03546c7279872c9ca57004995d"}
,"/Users/Tray-PC/Documents/instructor/patra@hacktiv8/phase-2/lecture_2024/rest_api/helpers/jwt.js": {"path":"/Users/Tray-PC/Documents/instructor/patra@hacktiv8/phase-2/lecture_2024/rest_api/helpers/jwt.js","statementMap":{"0":{"start":{"line":1,"column":23},"end":{"line":1,"column":46}},"1":{"start":{"line":2,"column":15},"end":{"line":2,"column":37}},"2":{"start":{"line":4,"column":0},"end":{"line":7,"column":1}},"3":{"start":{"line":5,"column":26},"end":{"line":5,"column":47}},"4":{"start":{"line":6,"column":26},"end":{"line":6,"column":47}}},"fnMap":{"0":{"name":"(anonymous_0)","decl":{"start":{"line":5,"column":13},"end":{"line":5,"column":14}},"loc":{"start":{"line":5,"column":26},"end":{"line":5,"column":47}},"line":5},"1":{"name":"(anonymous_1)","decl":{"start":{"line":6,"column":15},"end":{"line":6,"column":16}},"loc":{"start":{"line":6,"column":26},"end":{"line":6,"column":47}},"line":6}},"branchMap":{},"s":{"0":3,"1":3,"2":3,"3":1,"4":2},"f":{"0":1,"1":2},"b":{},"_coverageSchema":"1a1c01bbd47fc00a2c39e90264f33305004495a9","hash":"7dd48d75be01633fb4ca61c169211815b805a0a0"}
,"/Users/Tray-PC/Documents/instructor/patra@hacktiv8/phase-2/lecture_2024/rest_api/middlewares/authentication.js": {"path":"/Users/Tray-PC/Documents/instructor/patra@hacktiv8/phase-2/lecture_2024/rest_api/middlewares/authentication.js","statementMap":{"0":{"start":{"line":1,"column":24},"end":{"line":1,"column":49}},"1":{"start":{"line":2,"column":17},"end":{"line":2,"column":37}},"2":{"start":{"line":4,"column":0},"end":{"line":31,"column":2}},"3":{"start":{"line":5,"column":21},"end":{"line":5,"column":46}},"4":{"start":{"line":6,"column":2},"end":{"line":30,"column":3}},"5":{"start":{"line":8,"column":4},"end":{"line":8,"column":55}},"6":{"start":{"line":8,"column":23},"end":{"line":8,"column":55}},"7":{"start":{"line":11,"column":26},"end":{"line":11,"column":49}},"8":{"start":{"line":12,"column":4},"end":{"line":12,"column":61}},"9":{"start":{"line":12,"column":29},"end":{"line":12,"column":61}},"10":{"start":{"line":15,"column":18},"end":{"line":15,"column":36}},"11":{"start":{"line":18,"column":15},"end":{"line":18,"column":46}},"12":{"start":{"line":19,"column":4},"end":{"line":19,"column":47}},"13":{"start":{"line":19,"column":15},"end":{"line":19,"column":47}},"14":{"start":{"line":22,"column":4},"end":{"line":25,"column":6}},"15":{"start":{"line":27,"column":4},"end":{"line":27,"column":11}},"16":{"start":{"line":29,"column":4},"end":{"line":29,"column":15}}},"fnMap":{"0":{"name":"authentication","decl":{"start":{"line":4,"column":32},"end":{"line":4,"column":46}},"loc":{"start":{"line":4,"column":63},"end":{"line":31,"column":1}},"line":4}},"branchMap":{"0":{"loc":{"start":{"line":8,"column":4},"end":{"line":8,"column":55}},"type":"if","locations":[{"start":{"line":8,"column":4},"end":{"line":8,"column":55}},{"start":{},"end":{}}],"line":8},"1":{"loc":{"start":{"line":12,"column":4},"end":{"line":12,"column":61}},"type":"if","locations":[{"start":{"line":12,"column":4},"end":{"line":12,"column":61}},{"start":{},"end":{}}],"line":12},"2":{"loc":{"start":{"line":19,"column":4},"end":{"line":19,"column":47}},"type":"if","locations":[{"start":{"line":19,"column":4},"end":{"line":19,"column":47}},{"start":{},"end":{}}],"line":19}},"s":{"0":3,"1":3,"2":3,"3":2,"4":2,"5":2,"6":0,"7":2,"8":2,"9":0,"10":2,"11":1,"12":1,"13":0,"14":1,"15":1,"16":1},"f":{"0":2},"b":{"0":[0,2],"1":[0,2],"2":[0,1]},"_coverageSchema":"1a1c01bbd47fc00a2c39e90264f33305004495a9","hash":"dd1817cdf1d4b2fbbd5222c8e1f8cf102e8bd109"}
,"/Users/Tray-PC/Documents/instructor/patra@hacktiv8/phase-2/lecture_2024/rest_api/middlewares/authorization.js": {"path":"/Users/Tray-PC/Documents/instructor/patra@hacktiv8/phase-2/lecture_2024/rest_api/middlewares/authorization.js","statementMap":{"0":{"start":{"line":1,"column":18},"end":{"line":1,"column":38}},"1":{"start":{"line":4,"column":2},"end":{"line":15,"column":3}},"2":{"start":{"line":5,"column":4},"end":{"line":5,"column":39}},"3":{"start":{"line":6,"column":16},"end":{"line":6,"column":51}},"4":{"start":{"line":7,"column":4},"end":{"line":7,"column":43}},"5":{"start":{"line":7,"column":16},"end":{"line":7,"column":43}},"6":{"start":{"line":9,"column":4},"end":{"line":11,"column":5}},"7":{"start":{"line":10,"column":6},"end":{"line":10,"column":34}},"8":{"start":{"line":12,"column":4},"end":{"line":12,"column":11}},"9":{"start":{"line":14,"column":4},"end":{"line":14,"column":15}},"10":{"start":{"line":18,"column":0},"end":{"line":18,"column":31}}},"fnMap":{"0":{"name":"authorization","decl":{"start":{"line":3,"column":15},"end":{"line":3,"column":28}},"loc":{"start":{"line":3,"column":45},"end":{"line":16,"column":1}},"line":3}},"branchMap":{"0":{"loc":{"start":{"line":7,"column":4},"end":{"line":7,"column":43}},"type":"if","locations":[{"start":{"line":7,"column":4},"end":{"line":7,"column":43}},{"start":{},"end":{}}],"line":7},"1":{"loc":{"start":{"line":9,"column":4},"end":{"line":11,"column":5}},"type":"if","locations":[{"start":{"line":9,"column":4},"end":{"line":11,"column":5}},{"start":{},"end":{}}],"line":9}},"s":{"0":3,"1":0,"2":0,"3":0,"4":0,"5":0,"6":0,"7":0,"8":0,"9":0,"10":3},"f":{"0":0},"b":{"0":[0,0],"1":[0,0]},"_coverageSchema":"1a1c01bbd47fc00a2c39e90264f33305004495a9","hash":"c2b1306870ed45fefbd0c4bd63bc24b82deee58a"}
,"/Users/Tray-PC/Documents/instructor/patra@hacktiv8/phase-2/lecture_2024/rest_api/middlewares/errorHandler.js": {"path":"/Users/Tray-PC/Documents/instructor/patra@hacktiv8/phase-2/lecture_2024/rest_api/middlewares/errorHandler.js","statementMap":{"0":{"start":{"line":1,"column":0},"end":{"line":36,"column":2}},"1":{"start":{"line":2,"column":15},"end":{"line":2,"column":34}},"2":{"start":{"line":3,"column":16},"end":{"line":3,"column":56}},"3":{"start":{"line":5,"column":2},"end":{"line":32,"column":3}},"4":{"start":{"line":7,"column":6},"end":{"line":7,"column":19}},"5":{"start":{"line":8,"column":6},"end":{"line":8,"column":45}},"6":{"start":{"line":9,"column":6},"end":{"line":9,"column":12}},"7":{"start":{"line":12,"column":6},"end":{"line":12,"column":19}},"8":{"start":{"line":13,"column":6},"end":{"line":13,"column":40}},"9":{"start":{"line":14,"column":6},"end":{"line":14,"column":12}},"10":{"start":{"line":16,"column":6},"end":{"line":16,"column":19}},"11":{"start":{"line":17,"column":6},"end":{"line":17,"column":41}},"12":{"start":{"line":18,"column":6},"end":{"line":18,"column":12}},"13":{"start":{"line":21,"column":6},"end":{"line":21,"column":19}},"14":{"start":{"line":22,"column":6},"end":{"line":22,"column":34}},"15":{"start":{"line":23,"column":6},"end":{"line":23,"column":12}},"16":{"start":{"line":25,"column":6},"end":{"line":25,"column":19}},"17":{"start":{"line":26,"column":6},"end":{"line":26,"column":41}},"18":{"start":{"line":27,"column":6},"end":{"line":27,"column":12}},"19":{"start":{"line":29,"column":6},"end":{"line":29,"column":19}},"20":{"start":{"line":30,"column":6},"end":{"line":30,"column":33}},"21":{"start":{"line":31,"column":6},"end":{"line":31,"column":12}},"22":{"start":{"line":33,"column":2},"end":{"line":35,"column":5}}},"fnMap":{"0":{"name":"errorHandler","decl":{"start":{"line":1,"column":26},"end":{"line":1,"column":38}},"loc":{"start":{"line":1,"column":71},"end":{"line":36,"column":1}},"line":1}},"branchMap":{"0":{"loc":{"start":{"line":2,"column":15},"end":{"line":2,"column":34}},"type":"binary-expr","locations":[{"start":{"line":2,"column":15},"end":{"line":2,"column":27}},{"start":{"line":2,"column":31},"end":{"line":2,"column":34}}],"line":2},"1":{"loc":{"start":{"line":3,"column":16},"end":{"line":3,"column":56}},"type":"binary-expr","locations":[{"start":{"line":3,"column":16},"end":{"line":3,"column":29}},{"start":{"line":3,"column":33},"end":{"line":3,"column":56}}],"line":3},"2":{"loc":{"start":{"line":5,"column":2},"end":{"line":32,"column":3}},"type":"switch","locations":[{"start":{"line":6,"column":4},"end":{"line":9,"column":12}},{"start":{"line":10,"column":4},"end":{"line":10,"column":42}},{"start":{"line":11,"column":4},"end":{"line":14,"column":12}},{"start":{"line":15,"column":4},"end":{"line":18,"column":12}},{"start":{"line":19,"column":4},"end":{"line":19,"column":25}},{"start":{"line":20,"column":4},"end":{"line":23,"column":12}},{"start":{"line":24,"column":4},"end":{"line":27,"column":12}},{"start":{"line":28,"column":4},"end":{"line":31,"column":12}}],"line":5}},"s":{"0":3,"1":2,"2":2,"3":2,"4":0,"5":0,"6":0,"7":1,"8":1,"9":1,"10":0,"11":0,"12":0,"13":1,"14":1,"15":1,"16":0,"17":0,"18":0,"19":0,"20":0,"21":0,"22":2},"f":{"0":2},"b":{"0":[2,2],"1":[2,0],"2":[0,1,1,0,0,1,0,0]},"_coverageSchema":"1a1c01bbd47fc00a2c39e90264f33305004495a9","hash":"0976022250448e2dde153c35846b6da717c8d707"}
,"/Users/Tray-PC/Documents/instructor/patra@hacktiv8/phase-2/lecture_2024/rest_api/models/index.js": {"path":"/Users/Tray-PC/Documents/instructor/patra@hacktiv8/phase-2/lecture_2024/rest_api/models/index.js","statementMap":{"0":{"start":{"line":3,"column":11},"end":{"line":3,"column":24}},"1":{"start":{"line":4,"column":13},"end":{"line":4,"column":28}},"2":{"start":{"line":5,"column":18},"end":{"line":5,"column":38}},"3":{"start":{"line":6,"column":16},"end":{"line":6,"column":34}},"4":{"start":{"line":7,"column":17},"end":{"line":7,"column":42}},"5":{"start":{"line":8,"column":12},"end":{"line":8,"column":49}},"6":{"start":{"line":9,"column":15},"end":{"line":9,"column":65}},"7":{"start":{"line":10,"column":11},"end":{"line":10,"column":13}},"8":{"start":{"line":13,"column":0},"end":{"line":17,"column":1}},"9":{"start":{"line":14,"column":2},"end":{"line":14,"column":74}},"10":{"start":{"line":16,"column":2},"end":{"line":16,"column":87}},"11":{"start":{"line":19,"column":0},"end":{"line":27,"column":5}},"12":{"start":{"line":22,"column":4},"end":{"line":22,"column":90}},"13":{"start":{"line":25,"column":18},"end":{"line":25,"column":85}},"14":{"start":{"line":26,"column":4},"end":{"line":26,"column":27}},"15":{"start":{"line":29,"column":0},"end":{"line":33,"column":3}},"16":{"start":{"line":30,"column":2},"end":{"line":32,"column":3}},"17":{"start":{"line":31,"column":4},"end":{"line":31,"column":32}},"18":{"start":{"line":35,"column":0},"end":{"line":35,"column":25}},"19":{"start":{"line":36,"column":0},"end":{"line":36,"column":25}},"20":{"start":{"line":38,"column":0},"end":{"line":38,"column":20}}},"fnMap":{"0":{"name":"(anonymous_0)","decl":{"start":{"line":21,"column":10},"end":{"line":21,"column":11}},"loc":{"start":{"line":21,"column":18},"end":{"line":23,"column":3}},"line":21},"1":{"name":"(anonymous_1)","decl":{"start":{"line":24,"column":11},"end":{"line":24,"column":12}},"loc":{"start":{"line":24,"column":19},"end":{"line":27,"column":3}},"line":24},"2":{"name":"(anonymous_2)","decl":{"start":{"line":29,"column":24},"end":{"line":29,"column":25}},"loc":{"start":{"line":29,"column":37},"end":{"line":33,"column":1}},"line":29}},"branchMap":{"0":{"loc":{"start":{"line":8,"column":12},"end":{"line":8,"column":49}},"type":"binary-expr","locations":[{"start":{"line":8,"column":12},"end":{"line":8,"column":32}},{"start":{"line":8,"column":36},"end":{"line":8,"column":49}}],"line":8},"1":{"loc":{"start":{"line":13,"column":0},"end":{"line":17,"column":1}},"type":"if","locations":[{"start":{"line":13,"column":0},"end":{"line":17,"column":1}},{"start":{"line":15,"column":7},"end":{"line":17,"column":1}}],"line":13},"2":{"loc":{"start":{"line":22,"column":11},"end":{"line":22,"column":89}},"type":"binary-expr","locations":[{"start":{"line":22,"column":12},"end":{"line":22,"column":35}},{"start":{"line":22,"column":41},"end":{"line":22,"column":58}},{"start":{"line":22,"column":64},"end":{"line":22,"column":88}}],"line":22},"3":{"loc":{"start":{"line":30,"column":2},"end":{"line":32,"column":3}},"type":"if","locations":[{"start":{"line":30,"column":2},"end":{"line":32,"column":3}},{"start":{},"end":{}}],"line":30}},"s":{"0":3,"1":3,"2":3,"3":3,"4":3,"5":3,"6":3,"7":3,"8":3,"9":0,"10":3,"11":3,"12":9,"13":6,"14":6,"15":3,"16":6,"17":6,"18":3,"19":3,"20":3},"f":{"0":9,"1":6,"2":6},"b":{"0":[3,0],"1":[0,3],"2":[9,9,6],"3":[6,0]},"_coverageSchema":"1a1c01bbd47fc00a2c39e90264f33305004495a9","hash":"22a8e3032ef2e898ebe4e70f772a2bdf3a0f53a7"}
,"/Users/Tray-PC/Documents/instructor/patra@hacktiv8/phase-2/lecture_2024/rest_api/models/movie.js": {"path":"/Users/Tray-PC/Documents/instructor/patra@hacktiv8/phase-2/lecture_2024/rest_api/models/movie.js","statementMap":{"0":{"start":{"line":4,"column":4},"end":{"line":4,"column":24}},"1":{"start":{"line":5,"column":0},"end":{"line":54,"column":2}},"2":{"start":{"line":14,"column":6},"end":{"line":16,"column":8}},"3":{"start":{"line":19,"column":2},"end":{"line":52,"column":5}},"4":{"start":{"line":53,"column":2},"end":{"line":53,"column":15}}},"fnMap":{"0":{"name":"(anonymous_0)","decl":{"start":{"line":5,"column":17},"end":{"line":5,"column":18}},"loc":{"start":{"line":5,"column":43},"end":{"line":54,"column":1}},"line":5},"1":{"name":"(anonymous_1)","decl":{"start":{"line":12,"column":4},"end":{"line":12,"column":5}},"loc":{"start":{"line":12,"column":29},"end":{"line":17,"column":5}},"line":12}},"branchMap":{},"s":{"0":3,"1":3,"2":3,"3":3,"4":3},"f":{"0":3,"1":3},"b":{},"_coverageSchema":"1a1c01bbd47fc00a2c39e90264f33305004495a9","hash":"e7d0ed6e6604a945b0333dc19b1a5fa6420920d8"}
,"/Users/Tray-PC/Documents/instructor/patra@hacktiv8/phase-2/lecture_2024/rest_api/models/user.js": {"path":"/Users/Tray-PC/Documents/instructor/patra@hacktiv8/phase-2/lecture_2024/rest_api/models/user.js","statementMap":{"0":{"start":{"line":2,"column":18},"end":{"line":2,"column":38}},"1":{"start":{"line":3,"column":25},"end":{"line":3,"column":53}},"2":{"start":{"line":4,"column":0},"end":{"line":53,"column":2}},"3":{"start":{"line":15,"column":2},"end":{"line":51,"column":4}},"4":{"start":{"line":47,"column":10},"end":{"line":47,"column":53}},"5":{"start":{"line":52,"column":2},"end":{"line":52,"column":14}}},"fnMap":{"0":{"name":"(anonymous_0)","decl":{"start":{"line":4,"column":17},"end":{"line":4,"column":18}},"loc":{"start":{"line":4,"column":43},"end":{"line":53,"column":1}},"line":4},"1":{"name":"(anonymous_1)","decl":{"start":{"line":11,"column":4},"end":{"line":11,"column":5}},"loc":{"start":{"line":11,"column":29},"end":{"line":13,"column":5}},"line":11},"2":{"name":"(anonymous_2)","decl":{"start":{"line":46,"column":8},"end":{"line":46,"column":9}},"loc":{"start":{"line":46,"column":27},"end":{"line":48,"column":9}},"line":46}},"branchMap":{},"s":{"0":3,"1":3,"2":3,"3":3,"4":4,"5":3},"f":{"0":3,"1":3,"2":4},"b":{},"_coverageSchema":"1a1c01bbd47fc00a2c39e90264f33305004495a9","hash":"a8120a2fbd797817911e023595622aa840c22867"}
,"/Users/Tray-PC/Documents/instructor/patra@hacktiv8/phase-2/lecture_2024/rest_api/routes/index.js": {"path":"/Users/Tray-PC/Documents/instructor/patra@hacktiv8/phase-2/lecture_2024/rest_api/routes/index.js","statementMap":{"0":{"start":{"line":1,"column":15},"end":{"line":1,"column":42}},"1":{"start":{"line":2,"column":20},"end":{"line":2,"column":38}},"2":{"start":{"line":3,"column":19},"end":{"line":3,"column":36}},"3":{"start":{"line":5,"column":0},"end":{"line":5,"column":32}},"4":{"start":{"line":6,"column":0},"end":{"line":6,"column":34}},"5":{"start":{"line":8,"column":0},"end":{"line":8,"column":23}}},"fnMap":{},"branchMap":{},"s":{"0":3,"1":3,"2":3,"3":3,"4":3,"5":3},"f":{},"b":{},"_coverageSchema":"1a1c01bbd47fc00a2c39e90264f33305004495a9","hash":"50fa4107b7ebdb0ca0bf19c7a9caffe5c5167adc"}
,"/Users/Tray-PC/Documents/instructor/patra@hacktiv8/phase-2/lecture_2024/rest_api/routes/movie.js": {"path":"/Users/Tray-PC/Documents/instructor/patra@hacktiv8/phase-2/lecture_2024/rest_api/routes/movie.js","statementMap":{"0":{"start":{"line":1,"column":15},"end":{"line":1,"column":42}},"1":{"start":{"line":3,"column":22},"end":{"line":3,"column":61}},"2":{"start":{"line":4,"column":23},"end":{"line":4,"column":63}},"3":{"start":{"line":5,"column":24},"end":{"line":5,"column":55}},"4":{"start":{"line":7,"column":15},"end":{"line":7,"column":32}},"5":{"start":{"line":8,"column":16},"end":{"line":8,"column":38}},"6":{"start":{"line":9,"column":15},"end":{"line":9,"column":43}},"7":{"start":{"line":11,"column":0},"end":{"line":11,"column":27}},"8":{"start":{"line":13,"column":0},"end":{"line":13,"column":43}},"9":{"start":{"line":14,"column":0},"end":{"line":14,"column":57}},"10":{"start":{"line":15,"column":0},"end":{"line":15,"column":45}},"11":{"start":{"line":16,"column":0},"end":{"line":16,"column":46}},"12":{"start":{"line":17,"column":0},"end":{"line":17,"column":61}},"13":{"start":{"line":18,"column":0},"end":{"line":18,"column":94}},"14":{"start":{"line":19,"column":0},"end":{"line":19,"column":69}},"15":{"start":{"line":20,"column":0},"end":{"line":20,"column":66}},"16":{"start":{"line":22,"column":0},"end":{"line":22,"column":24}}},"fnMap":{},"branchMap":{},"s":{"0":3,"1":3,"2":3,"3":3,"4":3,"5":3,"6":3,"7":3,"8":3,"9":3,"10":3,"11":3,"12":3,"13":3,"14":3,"15":3,"16":3},"f":{},"b":{},"_coverageSchema":"1a1c01bbd47fc00a2c39e90264f33305004495a9","hash":"7fca08012bd5c79de8f7cf0934a3b4f59312941f"}
,"/Users/Tray-PC/Documents/instructor/patra@hacktiv8/phase-2/lecture_2024/rest_api/routes/user.js": {"path":"/Users/Tray-PC/Documents/instructor/patra@hacktiv8/phase-2/lecture_2024/rest_api/routes/user.js","statementMap":{"0":{"start":{"line":1,"column":15},"end":{"line":1,"column":42}},"1":{"start":{"line":2,"column":23},"end":{"line":2,"column":53}},"2":{"start":{"line":4,"column":0},"end":{"line":4,"column":50}},"3":{"start":{"line":5,"column":0},"end":{"line":5,"column":44}},"4":{"start":{"line":7,"column":0},"end":{"line":7,"column":24}}},"fnMap":{},"branchMap":{},"s":{"0":3,"1":3,"2":3,"3":3,"4":3},"f":{},"b":{},"_coverageSchema":"1a1c01bbd47fc00a2c39e90264f33305004495a9","hash":"17f9822213f4129b336cd69c9472d97983607e1d"}
}
